<?xml version="1.0" encoding="UTF-8"?>
<coverage generated="1764344760729" clover="3.2.0">
  <project timestamp="1764344760729" name="All files">
    <metrics statements="91" coveredstatements="68" conditionals="42" coveredconditionals="34" methods="10" coveredmethods="8" elements="143" coveredelements="110" complexity="0" loc="91" ncloc="91" packages="1" files="1" classes="1"/>
    <file name="server.js" path="/Users/pierce/projects/email-server/server.js">
      <metrics statements="91" coveredstatements="68" conditionals="42" coveredconditionals="34" methods="10" coveredmethods="8"/>
      <line num="2" count="4" type="stmt"/>
      <line num="3" count="4" type="stmt"/>
      <line num="5" count="4" type="stmt"/>
      <line num="6" count="20" type="cond" truecount="1" falsecount="1"/>
      <line num="7" count="0" type="stmt"/>
      <line num="8" count="0" type="stmt"/>
      <line num="12" count="4" type="stmt"/>
      <line num="14" count="4" type="stmt"/>
      <line num="20" count="4" type="stmt"/>
      <line num="22" count="4" type="stmt"/>
      <line num="23" count="4" type="stmt"/>
      <line num="25" count="4" type="stmt"/>
      <line num="26" count="4" type="stmt"/>
      <line num="29" count="4" type="stmt"/>
      <line num="32" count="80" type="stmt"/>
      <line num="35" count="4" type="stmt"/>
      <line num="37" count="20" type="cond" truecount="4" falsecount="0"/>
      <line num="38" count="19" type="stmt"/>
      <line num="40" count="1" type="stmt"/>
      <line num="49" count="4" type="cond" truecount="1" falsecount="1"/>
      <line num="52" count="4" type="stmt"/>
      <line num="54" count="4" type="stmt"/>
      <line num="56" count="4" type="stmt"/>
      <line num="58" count="4" type="stmt"/>
      <line num="59" count="4" type="stmt"/>
      <line num="61" count="4" type="stmt"/>
      <line num="64" count="0" type="stmt"/>
      <line num="65" count="0" type="stmt"/>
      <line num="66" count="0" type="stmt"/>
      <line num="67" count="0" type="stmt"/>
      <line num="69" count="0" type="stmt"/>
      <line num="70" count="0" type="stmt"/>
      <line num="81" count="22" type="stmt"/>
      <line num="83" count="22" type="cond" truecount="5" falsecount="0"/>
      <line num="84" count="3" type="stmt"/>
      <line num="88" count="19" type="stmt"/>
      <line num="98" count="19" type="stmt"/>
      <line num="102" count="19" type="cond" truecount="2" falsecount="0"/>
      <line num="103" count="18" type="stmt"/>
      <line num="106" count="19" type="stmt"/>
      <line num="117" count="19" type="stmt"/>
      <line num="121" count="19" type="stmt"/>
      <line num="132" count="19" type="stmt"/>
      <line num="133" count="19" type="stmt"/>
      <line num="134" count="2" type="stmt"/>
      <line num="135" count="2" type="stmt"/>
      <line num="138" count="19" type="stmt"/>
      <line num="140" count="0" type="stmt"/>
      <line num="141" count="0" type="stmt"/>
      <line num="146" count="4" type="stmt"/>
      <line num="147" count="19" type="stmt"/>
      <line num="148" count="19" type="stmt"/>
      <line num="150" count="19" type="cond" truecount="2" falsecount="0"/>
      <line num="151" count="1" type="stmt"/>
      <line num="152" count="1" type="cond" truecount="1" falsecount="1"/>
      <line num="153" count="0" type="stmt"/>
      <line num="154" count="0" type="stmt"/>
      <line num="156" count="0" type="stmt"/>
      <line num="162" count="19" type="stmt"/>
      <line num="164" count="19" type="stmt"/>
      <line num="165" count="19" type="stmt"/>
      <line num="166" count="19" type="stmt"/>
      <line num="169" count="19" type="cond" truecount="5" falsecount="0"/>
      <line num="170" count="2" type="stmt"/>
      <line num="176" count="17" type="cond" truecount="2" falsecount="0"/>
      <line num="177" count="1" type="stmt"/>
      <line num="183" count="16" type="stmt"/>
      <line num="184" count="16" type="cond" truecount="2" falsecount="0"/>
      <line num="185" count="1" type="stmt"/>
      <line num="191" count="15" type="cond" truecount="2" falsecount="0"/>
      <line num="192" count="1" type="stmt"/>
      <line num="198" count="14" type="stmt"/>
      <line num="199" count="14" type="stmt"/>
      <line num="201" count="14" type="cond" truecount="2" falsecount="0"/>
      <line num="202" count="13" type="stmt"/>
      <line num="208" count="1" type="stmt"/>
      <line num="214" count="0" type="stmt"/>
      <line num="215" count="0" type="stmt"/>
      <line num="222" count="0" type="stmt"/>
      <line num="223" count="0" type="stmt"/>
      <line num="231" count="4" type="stmt"/>
      <line num="232" count="1" type="cond" truecount="3" falsecount="1"/>
      <line num="233" count="1" type="stmt"/>
      <line num="238" count="0" type="stmt"/>
      <line num="242" count="4" type="cond" truecount="1" falsecount="1"/>
      <line num="244" count="0" type="stmt"/>
      <line num="245" count="0" type="cond" truecount="0" falsecount="2"/>
      <line num="246" count="0" type="stmt"/>
      <line num="248" count="0" type="stmt"/>
      <line num="251" count="0" type="stmt"/>
      <line num="255" count="4" type="stmt"/>
    </file>
  </project>
</coverage>
