{"/Users/pierce/projects/email-server/server.js": {"path":"/Users/pierce/projects/email-server/server.js","statementMap":{"0":{"start":{"line":2,"column":15},"end":{"line":2,"column":32}},"1":{"start":{"line":3,"column":0},"end":{"line":3,"column":16}},"2":{"start":{"line":5,"column":0},"end":{"line":10,"column":3}},"3":{"start":{"line":6,"column":2},"end":{"line":9,"column":3}},"4":{"start":{"line":7,"column":4},"end":{"line":7,"column":54}},"5":{"start":{"line":8,"column":4},"end":{"line":8,"column":20}},"6":{"start":{"line":12,"column":18},"end":{"line":12,"column":47}},"7":{"start":{"line":14,"column":16},"end":{"line":18,"column":2}},"8":{"start":{"line":20,"column":24},"end":{"line":20,"column":61}},"9":{"start":{"line":22,"column":25},"end":{"line":22,"column":54}},"10":{"start":{"line":23,"column":15},"end":{"line":23,"column":48}},"11":{"start":{"line":25,"column":12},"end":{"line":25,"column":49}},"12":{"start":{"line":26,"column":13},"end":{"line":26,"column":28}},"13":{"start":{"line":29,"column":16},"end":{"line":32,"column":36}},"14":{"start":{"line":32,"column":11},"end":{"line":32,"column":19}},"15":{"start":{"line":35,"column":18},"end":{"line":47,"column":1}},"16":{"start":{"line":37,"column":4},"end":{"line":39,"column":5}},"17":{"start":{"line":38,"column":6},"end":{"line":38,"column":34}},"18":{"start":{"line":40,"column":4},"end":{"line":40,"column":54}},"19":{"start":{"line":49,"column":13},"end":{"line":49,"column":37}},"20":{"start":{"line":52,"column":16},"end":{"line":52,"column":34}},"21":{"start":{"line":54,"column":12},"end":{"line":54,"column":21}},"22":{"start":{"line":56,"column":0},"end":{"line":56,"column":26}},"23":{"start":{"line":58,"column":0},"end":{"line":58,"column":48}},"24":{"start":{"line":59,"column":0},"end":{"line":59,"column":24}},"25":{"start":{"line":61,"column":0},"end":{"line":61,"column":31}},"26":{"start":{"line":64,"column":2},"end":{"line":71,"column":3}},"27":{"start":{"line":65,"column":19},"end":{"line":65,"column":50}},"28":{"start":{"line":66,"column":19},"end":{"line":66,"column":47}},"29":{"start":{"line":67,"column":4},"end":{"line":67,"column":18}},"30":{"start":{"line":69,"column":4},"end":{"line":69,"column":43}},"31":{"start":{"line":70,"column":4},"end":{"line":70,"column":14}},"32":{"start":{"line":81,"column":24},"end":{"line":81,"column":43}},"33":{"start":{"line":83,"column":2},"end":{"line":85,"column":3}},"34":{"start":{"line":84,"column":4},"end":{"line":84,"column":47}},"35":{"start":{"line":88,"column":19},"end":{"line":96,"column":3}},"36":{"start":{"line":98,"column":28},"end":{"line":100,"column":3}},"37":{"start":{"line":102,"column":2},"end":{"line":104,"column":3}},"38":{"start":{"line":103,"column":4},"end":{"line":103,"column":73}},"39":{"start":{"line":106,"column":23},"end":{"line":115,"column":3}},"40":{"start":{"line":117,"column":26},"end":{"line":119,"column":3}},"41":{"start":{"line":121,"column":31},"end":{"line":130,"column":3}},"42":{"start":{"line":132,"column":2},"end":{"line":142,"column":3}},"43":{"start":{"line":133,"column":37},"end":{"line":136,"column":6}},"44":{"start":{"line":134,"column":44},"end":{"line":134,"column":76}},"45":{"start":{"line":135,"column":52},"end":{"line":135,"column":84}},"46":{"start":{"line":138,"column":4},"end":{"line":138,"column":38}},"47":{"start":{"line":140,"column":4},"end":{"line":140,"column":43}},"48":{"start":{"line":141,"column":4},"end":{"line":141,"column":44}},"49":{"start":{"line":146,"column":0},"end":{"line":228,"column":3}},"50":{"start":{"line":147,"column":2},"end":{"line":227,"column":3}},"51":{"start":{"line":148,"column":18},"end":{"line":148,"column":26}},"52":{"start":{"line":150,"column":4},"end":{"line":159,"column":5}},"53":{"start":{"line":151,"column":24},"end":{"line":151,"column":48}},"54":{"start":{"line":152,"column":6},"end":{"line":158,"column":7}},"55":{"start":{"line":153,"column":8},"end":{"line":157,"column":9}},"56":{"start":{"line":154,"column":10},"end":{"line":154,"column":42}},"57":{"start":{"line":156,"column":10},"end":{"line":156,"column":88}},"58":{"start":{"line":162,"column":37},"end":{"line":162,"column":44}},"59":{"start":{"line":164,"column":22},"end":{"line":164,"column":34}},"60":{"start":{"line":165,"column":23},"end":{"line":165,"column":50}},"61":{"start":{"line":166,"column":25},"end":{"line":166,"column":40}},"62":{"start":{"line":169,"column":4},"end":{"line":174,"column":5}},"63":{"start":{"line":170,"column":6},"end":{"line":173,"column":9}},"64":{"start":{"line":176,"column":4},"end":{"line":181,"column":5}},"65":{"start":{"line":177,"column":6},"end":{"line":180,"column":9}},"66":{"start":{"line":183,"column":23},"end":{"line":183,"column":51}},"67":{"start":{"line":184,"column":4},"end":{"line":189,"column":5}},"68":{"start":{"line":185,"column":6},"end":{"line":188,"column":9}},"69":{"start":{"line":191,"column":4},"end":{"line":196,"column":5}},"70":{"start":{"line":192,"column":6},"end":{"line":195,"column":9}},"71":{"start":{"line":198,"column":4},"end":{"line":219,"column":5}},"72":{"start":{"line":199,"column":23},"end":{"line":199,"column":70}},"73":{"start":{"line":201,"column":6},"end":{"line":206,"column":7}},"74":{"start":{"line":202,"column":8},"end":{"line":205,"column":11}},"75":{"start":{"line":208,"column":6},"end":{"line":211,"column":9}},"76":{"start":{"line":214,"column":6},"end":{"line":214,"column":42}},"77":{"start":{"line":215,"column":6},"end":{"line":218,"column":9}},"78":{"start":{"line":222,"column":4},"end":{"line":222,"column":39}},"79":{"start":{"line":223,"column":4},"end":{"line":226,"column":7}},"80":{"start":{"line":231,"column":0},"end":{"line":239,"column":3}},"81":{"start":{"line":232,"column":2},"end":{"line":237,"column":3}},"82":{"start":{"line":233,"column":4},"end":{"line":236,"column":7}},"83":{"start":{"line":238,"column":2},"end":{"line":238,"column":12}},"84":{"start":{"line":242,"column":0},"end":{"line":253,"column":1}},"85":{"start":{"line":244,"column":2},"end":{"line":252,"column":5}},"86":{"start":{"line":245,"column":4},"end":{"line":249,"column":5}},"87":{"start":{"line":246,"column":6},"end":{"line":246,"column":32}},"88":{"start":{"line":248,"column":6},"end":{"line":248,"column":15}},"89":{"start":{"line":251,"column":4},"end":{"line":251,"column":40}},"90":{"start":{"line":255,"column":0},"end":{"line":255,"column":42}}},"fnMap":{"0":{"name":"(anonymous_0)","decl":{"start":{"line":5,"column":96},"end":{"line":5,"column":97}},"loc":{"start":{"line":5,"column":103},"end":{"line":10,"column":1}},"line":5},"1":{"name":"(anonymous_1)","decl":{"start":{"line":32,"column":6},"end":{"line":32,"column":7}},"loc":{"start":{"line":32,"column":11},"end":{"line":32,"column":19}},"line":32},"2":{"name":"(anonymous_2)","decl":{"start":{"line":36,"column":10},"end":{"line":36,"column":11}},"loc":{"start":{"line":36,"column":37},"end":{"line":41,"column":3}},"line":36},"3":{"name":"sendEmail","decl":{"start":{"line":63,"column":15},"end":{"line":63,"column":24}},"loc":{"start":{"line":63,"column":34},"end":{"line":72,"column":1}},"line":63},"4":{"name":"main","decl":{"start":{"line":80,"column":15},"end":{"line":80,"column":19}},"loc":{"start":{"line":80,"column":42},"end":{"line":143,"column":1}},"line":80},"5":{"name":"(anonymous_5)","decl":{"start":{"line":134,"column":36},"end":{"line":134,"column":37}},"loc":{"start":{"line":134,"column":44},"end":{"line":134,"column":76}},"line":134},"6":{"name":"(anonymous_6)","decl":{"start":{"line":135,"column":44},"end":{"line":135,"column":45}},"loc":{"start":{"line":135,"column":52},"end":{"line":135,"column":84}},"line":135},"7":{"name":"(anonymous_7)","decl":{"start":{"line":146,"column":44},"end":{"line":146,"column":45}},"loc":{"start":{"line":146,"column":64},"end":{"line":228,"column":1}},"line":146},"8":{"name":"(anonymous_8)","decl":{"start":{"line":231,"column":8},"end":{"line":231,"column":9}},"loc":{"start":{"line":231,"column":33},"end":{"line":239,"column":1}},"line":231},"9":{"name":"(anonymous_9)","decl":{"start":{"line":244,"column":19},"end":{"line":244,"column":20}},"loc":{"start":{"line":244,"column":28},"end":{"line":252,"column":3}},"line":244}},"branchMap":{"0":{"loc":{"start":{"line":6,"column":2},"end":{"line":9,"column":3}},"type":"if","locations":[{"start":{"line":6,"column":2},"end":{"line":9,"column":3}},{"start":{},"end":{}}],"line":6},"1":{"loc":{"start":{"line":31,"column":6},"end":{"line":31,"column":54}},"type":"cond-expr","locations":[{"start":{"line":31,"column":12},"end":{"line":31,"column":49}},{"start":{"line":31,"column":52},"end":{"line":31,"column":54}}],"line":31},"2":{"loc":{"start":{"line":37,"column":4},"end":{"line":39,"column":5}},"type":"if","locations":[{"start":{"line":37,"column":4},"end":{"line":39,"column":5}},{"start":{},"end":{}}],"line":37},"3":{"loc":{"start":{"line":37,"column":8},"end":{"line":37,"column":45}},"type":"binary-expr","locations":[{"start":{"line":37,"column":8},"end":{"line":37,"column":15}},{"start":{"line":37,"column":19},"end":{"line":37,"column":45}}],"line":37},"4":{"loc":{"start":{"line":49,"column":13},"end":{"line":49,"column":37}},"type":"binary-expr","locations":[{"start":{"line":49,"column":13},"end":{"line":49,"column":29}},{"start":{"line":49,"column":33},"end":{"line":49,"column":37}}],"line":49},"5":{"loc":{"start":{"line":83,"column":2},"end":{"line":85,"column":3}},"type":"if","locations":[{"start":{"line":83,"column":2},"end":{"line":85,"column":3}},{"start":{},"end":{}}],"line":83},"6":{"loc":{"start":{"line":83,"column":6},"end":{"line":83,"column":33}},"type":"binary-expr","locations":[{"start":{"line":83,"column":6},"end":{"line":83,"column":11}},{"start":{"line":83,"column":15},"end":{"line":83,"column":21}},{"start":{"line":83,"column":25},"end":{"line":83,"column":33}}],"line":83},"7":{"loc":{"start":{"line":102,"column":2},"end":{"line":104,"column":3}},"type":"if","locations":[{"start":{"line":102,"column":2},"end":{"line":104,"column":3}},{"start":{},"end":{}}],"line":102},"8":{"loc":{"start":{"line":150,"column":4},"end":{"line":159,"column":5}},"type":"if","locations":[{"start":{"line":150,"column":4},"end":{"line":159,"column":5}},{"start":{},"end":{}}],"line":150},"9":{"loc":{"start":{"line":152,"column":6},"end":{"line":158,"column":7}},"type":"if","locations":[{"start":{"line":152,"column":6},"end":{"line":158,"column":7}},{"start":{},"end":{}}],"line":152},"10":{"loc":{"start":{"line":169,"column":4},"end":{"line":174,"column":5}},"type":"if","locations":[{"start":{"line":169,"column":4},"end":{"line":174,"column":5}},{"start":{},"end":{}}],"line":169},"11":{"loc":{"start":{"line":169,"column":8},"end":{"line":169,"column":50}},"type":"binary-expr","locations":[{"start":{"line":169,"column":8},"end":{"line":169,"column":18}},{"start":{"line":169,"column":22},"end":{"line":169,"column":33}},{"start":{"line":169,"column":37},"end":{"line":169,"column":50}}],"line":169},"12":{"loc":{"start":{"line":176,"column":4},"end":{"line":181,"column":5}},"type":"if","locations":[{"start":{"line":176,"column":4},"end":{"line":181,"column":5}},{"start":{},"end":{}}],"line":176},"13":{"loc":{"start":{"line":184,"column":4},"end":{"line":189,"column":5}},"type":"if","locations":[{"start":{"line":184,"column":4},"end":{"line":189,"column":5}},{"start":{},"end":{}}],"line":184},"14":{"loc":{"start":{"line":191,"column":4},"end":{"line":196,"column":5}},"type":"if","locations":[{"start":{"line":191,"column":4},"end":{"line":196,"column":5}},{"start":{},"end":{}}],"line":191},"15":{"loc":{"start":{"line":201,"column":6},"end":{"line":206,"column":7}},"type":"if","locations":[{"start":{"line":201,"column":6},"end":{"line":206,"column":7}},{"start":{},"end":{}}],"line":201},"16":{"loc":{"start":{"line":232,"column":2},"end":{"line":237,"column":3}},"type":"if","locations":[{"start":{"line":232,"column":2},"end":{"line":237,"column":3}},{"start":{},"end":{}}],"line":232},"17":{"loc":{"start":{"line":232,"column":6},"end":{"line":232,"column":67}},"type":"binary-expr","locations":[{"start":{"line":232,"column":6},"end":{"line":232,"column":26}},{"start":{"line":232,"column":30},"end":{"line":232,"column":67}}],"line":232},"18":{"loc":{"start":{"line":242,"column":0},"end":{"line":253,"column":1}},"type":"if","locations":[{"start":{"line":242,"column":0},"end":{"line":253,"column":1}},{"start":{},"end":{}}],"line":242},"19":{"loc":{"start":{"line":245,"column":4},"end":{"line":249,"column":5}},"type":"if","locations":[{"start":{"line":245,"column":4},"end":{"line":249,"column":5}},{"start":{},"end":{}}],"line":245}},"s":{"0":4,"1":4,"2":4,"3":20,"4":0,"5":0,"6":4,"7":4,"8":4,"9":4,"10":4,"11":4,"12":4,"13":4,"14":80,"15":4,"16":20,"17":19,"18":1,"19":4,"20":4,"21":4,"22":4,"23":4,"24":4,"25":4,"26":0,"27":0,"28":0,"29":0,"30":0,"31":0,"32":22,"33":22,"34":3,"35":19,"36":19,"37":19,"38":18,"39":19,"40":19,"41":19,"42":19,"43":19,"44":2,"45":2,"46":19,"47":0,"48":0,"49":4,"50":19,"51":19,"52":19,"53":1,"54":1,"55":0,"56":0,"57":0,"58":19,"59":19,"60":19,"61":19,"62":19,"63":2,"64":17,"65":1,"66":16,"67":16,"68":1,"69":15,"70":1,"71":14,"72":14,"73":14,"74":13,"75":1,"76":0,"77":0,"78":0,"79":0,"80":4,"81":1,"82":1,"83":0,"84":4,"85":0,"86":0,"87":0,"88":0,"89":0,"90":4},"f":{"0":20,"1":80,"2":20,"3":0,"4":22,"5":2,"6":2,"7":19,"8":1,"9":0},"b":{"0":[0,20],"1":[4,0],"2":[19,1],"3":[20,1],"4":[4,0],"5":[3,19],"6":[22,21,20],"7":[18,1],"8":[1,18],"9":[0,1],"10":[2,17],"11":[19,18,17],"12":[1,16],"13":[1,15],"14":[1,14],"15":[13,1],"16":[1,0],"17":[1,1],"18":[0,4],"19":[0,0]},"_coverageSchema":"1a1c01bbd47fc00a2c39e90264f33305004495a9","hash":"4396e84d4eeff25ae5ed95b2feaf61707c0e956b"}
}
