TN:
SF:server.js
FN:5,(anonymous_0)
FN:32,(anonymous_1)
FN:36,(anonymous_2)
FN:63,sendEmail
FN:80,main
FN:134,(anonymous_5)
FN:135,(anonymous_6)
FN:146,(anonymous_7)
FN:231,(anonymous_8)
FN:244,(anonymous_9)
FNF:10
FNH:8
FNDA:20,(anonymous_0)
FNDA:80,(anonymous_1)
FNDA:20,(anonymous_2)
FNDA:0,sendEmail
FNDA:22,main
FNDA:2,(anonymous_5)
FNDA:2,(anonymous_6)
FNDA:19,(anonymous_7)
FNDA:1,(anonymous_8)
FNDA:0,(anonymous_9)
DA:2,4
DA:3,4
DA:5,4
DA:6,20
DA:7,0
DA:8,0
DA:12,4
DA:14,4
DA:20,4
DA:22,4
DA:23,4
DA:25,4
DA:26,4
DA:29,4
DA:32,80
DA:35,4
DA:37,20
DA:38,19
DA:40,1
DA:49,4
DA:52,4
DA:54,4
DA:56,4
DA:58,4
DA:59,4
DA:61,4
DA:64,0
DA:65,0
DA:66,0
DA:67,0
DA:69,0
DA:70,0
DA:81,22
DA:83,22
DA:84,3
DA:88,19
DA:98,19
DA:102,19
DA:103,18
DA:106,19
DA:117,19
DA:121,19
DA:132,19
DA:133,19
DA:134,2
DA:135,2
DA:138,19
DA:140,0
DA:141,0
DA:146,4
DA:147,19
DA:148,19
DA:150,19
DA:151,1
DA:152,1
DA:153,0
DA:154,0
DA:156,0
DA:162,19
DA:164,19
DA:165,19
DA:166,19
DA:169,19
DA:170,2
DA:176,17
DA:177,1
DA:183,16
DA:184,16
DA:185,1
DA:191,15
DA:192,1
DA:198,14
DA:199,14
DA:201,14
DA:202,13
DA:208,1
DA:214,0
DA:215,0
DA:222,0
DA:223,0
DA:231,4
DA:232,1
DA:233,1
DA:238,0
DA:242,4
DA:244,0
DA:245,0
DA:246,0
DA:248,0
DA:251,0
DA:255,4
LF:91
LH:68
BRDA:6,0,0,0
BRDA:6,0,1,20
BRDA:31,1,0,4
BRDA:31,1,1,0
BRDA:37,2,0,19
BRDA:37,2,1,1
BRDA:37,3,0,20
BRDA:37,3,1,1
BRDA:49,4,0,4
BRDA:49,4,1,0
BRDA:83,5,0,3
BRDA:83,5,1,19
BRDA:83,6,0,22
BRDA:83,6,1,21
BRDA:83,6,2,20
BRDA:102,7,0,18
BRDA:102,7,1,1
BRDA:150,8,0,1
BRDA:150,8,1,18
BRDA:152,9,0,0
BRDA:152,9,1,1
BRDA:169,10,0,2
BRDA:169,10,1,17
BRDA:169,11,0,19
BRDA:169,11,1,18
BRDA:169,11,2,17
BRDA:176,12,0,1
BRDA:176,12,1,16
BRDA:184,13,0,1
BRDA:184,13,1,15
BRDA:191,14,0,1
BRDA:191,14,1,14
BRDA:201,15,0,13
BRDA:201,15,1,1
BRDA:232,16,0,1
BRDA:232,16,1,0
BRDA:232,17,0,1
BRDA:232,17,1,1
BRDA:242,18,0,0
BRDA:242,18,1,4
BRDA:245,19,0,0
BRDA:245,19,1,0
BRF:42
BRH:34
end_of_record
